生成启动时间为 2012/11/16 星期五 16:43:07。
     1>项目“H:\WCJ\C++projiects\define\define\define.vcxproj”在节点 2 上(build 个目标)。
     1>InitializeBuildStatus:
         正在对“Debug\define.unsuccessfulbuild”执行 Touch 任务。
       ClCompile:
         D:\Visual Stadio 2010\VC\bin\CL.exe /c /ZI /nologo /W3 /WX- /Od /Oy- /D WIN32 /D _DEBUG /D _WINDOWS /D _UNICODE /D UNICODE /Gm /EHsc /RTC1 /MDd /GS /fp:precise /Zc:wchar_t /Zc:forScope /Fo"Debug\\" /Fd"Debug\vc100.pdb" /Gd /TC /analyze- /errorReport:prompt main.c newcfree.c
         newcfree.c
         main.c
         正在生成代码...
       ResourceCompile:
         C:\Program Files\Microsoft SDKs\Windows\v7.0A\bin\rc.exe /D _UNICODE /D UNICODE /l"0x0409" /nologo /fo"Debug\define.res" define.rc 
       ManifestResourceCompile:
         所有输出均为最新。
       Link:
         D:\Visual Stadio 2010\VC\bin\link.exe /ERRORREPORT:PROMPT /OUT:"H:\WCJ\C++projiects\define\Debug\define.exe" /INCREMENTAL /NOLOGO kernel32.lib user32.lib gdi32.lib winspool.lib comdlg32.lib advapi32.lib shell32.lib ole32.lib oleaut32.lib uuid.lib odbc32.lib odbccp32.lib /MANIFEST /ManifestFile:"Debug\define.exe.intermediate.manifest" /MANIFESTUAC:"level='asInvoker' uiAccess='false'" /DEBUG /PDB:"H:\WCJ\C++projiects\define\Debug\define.pdb" /SUBSYSTEM:WINDOWS /TLBID:1 /DYNAMICBASE /NXCOMPAT /IMPLIB:"H:\WCJ\C++projiects\define\Debug\define.lib" /MACHINE:X86 Debug\define.res
         Debug\define.exe.embed.manifest.res
         Debug\main.obj
         Debug\newcfree.obj
       Manifest:
         C:\Program Files\Microsoft SDKs\Windows\v7.0A\bin\mt.exe /nologo /verbose /out:"Debug\define.exe.embed.manifest" /manifest Debug\define.exe.intermediate.manifest
         所有输出均为最新。
       LinkEmbedManifest:
         所有输出均为最新。
         define.vcxproj -> H:\WCJ\C++projiects\define\Debug\define.exe
       FinalizeBuildStatus:
         正在删除文件“Debug\define.unsuccessfulbuild”。
         正在对“Debug\define.lastbuildstate”执行 Touch 任务。
     1>已完成生成项目“H:\WCJ\C++projiects\define\define\define.vcxproj”(build 个目标)的操作。

生成成功。

已用时间 00:00:01.42
