生成启动时间为 2012/11/11 星期日 14:11:22。
     1>项目“H:\WCJ\C++projiects\数据结构\数据结构\数据结构.vcxproj”在节点 2 上(build 个目标)。
     1>InitializeBuildStatus:
         正在创建“Debug\数据结构.unsuccessfulbuild”，因为已指定“AlwaysCreate”。
       ClCompile:
         所有输出均为最新。
       ResourceCompile:
         C:\Program Files\Microsoft SDKs\Windows\v7.0A\bin\rc.exe /D _UNICODE /D UNICODE /l"0x0409" /nologo /fo"Debug\数据结构.res" "数据结构.rc" 
       ManifestResourceCompile:
         所有输出均为最新。
       Link:
         D:\Visual Stadio 2010\VC\bin\link.exe /ERRORREPORT:PROMPT /OUT:"H:\WCJ\C++projiects\数据结构\Debug\数据结构.exe" /INCREMENTAL /NOLOGO kernel32.lib user32.lib gdi32.lib winspool.lib comdlg32.lib advapi32.lib shell32.lib ole32.lib oleaut32.lib uuid.lib odbc32.lib odbccp32.lib /MANIFEST /ManifestFile:"Debug\数据结构.exe.intermediate.manifest" /MANIFESTUAC:"level='asInvoker' uiAccess='false'" /DEBUG /PDB:"H:\WCJ\C++projiects\数据结构\Debug\数据结构.pdb" /SUBSYSTEM:CONSOLE /TLBID:1 /DYNAMICBASE /NXCOMPAT /IMPLIB:"H:\WCJ\C++projiects\数据结构\Debug\数据结构.lib" /MACHINE:X86 "Debug\数据结构.res"
         "Debug\数据结构.exe.embed.manifest.res"
         Debug\Main.obj
       Manifest:
         C:\Program Files\Microsoft SDKs\Windows\v7.0A\bin\mt.exe /nologo /verbose /out:"Debug\数据结构.exe.embed.manifest" /manifest "Debug\数据结构.exe.intermediate.manifest"
         所有输出均为最新。
       LinkEmbedManifest:
         所有输出均为最新。
         数据结构.vcxproj -> H:\WCJ\C++projiects\数据结构\Debug\数据结构.exe
       FinalizeBuildStatus:
         正在删除文件“Debug\数据结构.unsuccessfulbuild”。
         正在对“Debug\数据结构.lastbuildstate”执行 Touch 任务。
     1>已完成生成项目“H:\WCJ\C++projiects\数据结构\数据结构\数据结构.vcxproj”(build 个目标)的操作。

生成成功。

已用时间 00:00:01.08
