生成启动时间为 2012/11/18 星期日 19:53:56。
     1>项目“H:\WCJ\C++projiects\双人贪吃蛇\双人贪吃蛇\双人贪吃蛇.vcxproj”在节点 2 上(build 个目标)。
     1>InitializeBuildStatus:
         正在创建“Debug\双人贪吃蛇.unsuccessfulbuild”，因为已指定“AlwaysCreate”。
       ClCompile:
         D:\Visual Stadio 2010\VC\bin\CL.exe /c /ZI /nologo /W3 /WX- /Od /Oy- /D WIN32 /D _DEBUG /D _CONSOLE /D _UNICODE /D UNICODE /Gm /EHsc /RTC1 /MDd /GS /fp:precise /Zc:wchar_t /Zc:forScope /Fo"Debug\\" /Fd"Debug\vc100.pdb" /Gd /TP /analyze- /errorReport:prompt GreedySnake.cpp
         GreedySnake.cpp
     1>h:\wcj\c++projiects\双人贪吃蛇\双人贪吃蛇\greedysnake.cpp(170): warning C4996: 'kbhit': The POSIX name for this item is deprecated. Instead, use the ISO C++ conformant name: _kbhit. See online help for details.
                 d:\visual stadio 2010\vc\include\conio.h(130) : 参见“kbhit”的声明
     1>h:\wcj\c++projiects\双人贪吃蛇\双人贪吃蛇\greedysnake.cpp(170): warning C4996: 'getch': The POSIX name for this item is deprecated. Instead, use the ISO C++ conformant name: _getch. See online help for details.
                 d:\visual stadio 2010\vc\include\conio.h(128) : 参见“getch”的声明
     1>h:\wcj\c++projiects\双人贪吃蛇\双人贪吃蛇\greedysnake.cpp(171): warning C4244: “参数”: 从“time_t”转换到“unsigned int”，可能丢失数据
     1>h:\wcj\c++projiects\双人贪吃蛇\双人贪吃蛇\greedysnake.cpp(178): warning C4996: 'getch': The POSIX name for this item is deprecated. Instead, use the ISO C++ conformant name: _getch. See online help for details.
                 d:\visual stadio 2010\vc\include\conio.h(128) : 参见“getch”的声明
     1>h:\wcj\c++projiects\双人贪吃蛇\双人贪吃蛇\greedysnake.cpp(179): warning C4996: 'getch': The POSIX name for this item is deprecated. Instead, use the ISO C++ conformant name: _getch. See online help for details.
                 d:\visual stadio 2010\vc\include\conio.h(128) : 参见“getch”的声明
     1>h:\wcj\c++projiects\双人贪吃蛇\双人贪吃蛇\greedysnake.cpp(240): warning C4996: 'kbhit': The POSIX name for this item is deprecated. Instead, use the ISO C++ conformant name: _kbhit. See online help for details.
                 d:\visual stadio 2010\vc\include\conio.h(130) : 参见“kbhit”的声明
     1>h:\wcj\c++projiects\双人贪吃蛇\双人贪吃蛇\greedysnake.cpp(278): warning C4996: 'getch': The POSIX name for this item is deprecated. Instead, use the ISO C++ conformant name: _getch. See online help for details.
                 d:\visual stadio 2010\vc\include\conio.h(128) : 参见“getch”的声明
     1>h:\wcj\c++projiects\双人贪吃蛇\双人贪吃蛇\greedysnake.cpp(279): warning C4996: 'getch': The POSIX name for this item is deprecated. Instead, use the ISO C++ conformant name: _getch. See online help for details.
                 d:\visual stadio 2010\vc\include\conio.h(128) : 参见“getch”的声明
     1>h:\wcj\c++projiects\双人贪吃蛇\双人贪吃蛇\greedysnake.cpp(292): warning C4996: 'kbhit': The POSIX name for this item is deprecated. Instead, use the ISO C++ conformant name: _kbhit. See online help for details.
                 d:\visual stadio 2010\vc\include\conio.h(130) : 参见“kbhit”的声明
     1>h:\wcj\c++projiects\双人贪吃蛇\双人贪吃蛇\greedysnake.cpp(294): warning C4996: 'getch': The POSIX name for this item is deprecated. Instead, use the ISO C++ conformant name: _getch. See online help for details.
                 d:\visual stadio 2010\vc\include\conio.h(128) : 参见“getch”的声明
     1>h:\wcj\c++projiects\双人贪吃蛇\双人贪吃蛇\greedysnake.cpp(295): warning C4996: 'getch': The POSIX name for this item is deprecated. Instead, use the ISO C++ conformant name: _getch. See online help for details.
                 d:\visual stadio 2010\vc\include\conio.h(128) : 参见“getch”的声明
     1>h:\wcj\c++projiects\双人贪吃蛇\双人贪吃蛇\greedysnake.cpp(370): warning C4996: 'getch': The POSIX name for this item is deprecated. Instead, use the ISO C++ conformant name: _getch. See online help for details.
                 d:\visual stadio 2010\vc\include\conio.h(128) : 参见“getch”的声明
       ManifestResourceCompile:
         所有输出均为最新。
       Link:
         D:\Visual Stadio 2010\VC\bin\link.exe /ERRORREPORT:PROMPT /OUT:"H:\WCJ\C++projiects\双人贪吃蛇\Debug\双人贪吃蛇.exe" /INCREMENTAL /NOLOGO kernel32.lib user32.lib gdi32.lib winspool.lib comdlg32.lib advapi32.lib shell32.lib ole32.lib oleaut32.lib uuid.lib odbc32.lib odbccp32.lib /MANIFEST /ManifestFile:"Debug\双人贪吃蛇.exe.intermediate.manifest" /MANIFESTUAC:"level='asInvoker' uiAccess='false'" /DEBUG /PDB:"H:\WCJ\C++projiects\双人贪吃蛇\Debug\双人贪吃蛇.pdb" /SUBSYSTEM:CONSOLE /TLBID:1 /DYNAMICBASE /NXCOMPAT /IMPLIB:"H:\WCJ\C++projiects\双人贪吃蛇\Debug\双人贪吃蛇.lib" /MACHINE:X86 "Debug\双人贪吃蛇.exe.embed.manifest.res"
         Debug\GreedySnake.obj
       Manifest:
         C:\Program Files\Microsoft SDKs\Windows\v7.0A\bin\mt.exe /nologo /verbose /out:"Debug\双人贪吃蛇.exe.embed.manifest" /manifest "Debug\双人贪吃蛇.exe.intermediate.manifest"
         所有输出均为最新。
       LinkEmbedManifest:
         所有输出均为最新。
         双人贪吃蛇.vcxproj -> H:\WCJ\C++projiects\双人贪吃蛇\Debug\双人贪吃蛇.exe
       FinalizeBuildStatus:
         正在删除文件“Debug\双人贪吃蛇.unsuccessfulbuild”。
         正在对“Debug\双人贪吃蛇.lastbuildstate”执行 Touch 任务。
     1>已完成生成项目“H:\WCJ\C++projiects\双人贪吃蛇\双人贪吃蛇\双人贪吃蛇.vcxproj”(build 个目标)的操作。

生成成功。

已用时间 00:00:01.39
