生成启动时间为 2012/11/19 星期一 13:07:45。
     1>项目“H:\WCJ\C++projiects\双人贪吃蛇\双人贪吃蛇\双人贪吃蛇.vcxproj”在节点 2 上(build 个目标)。
     1>InitializeBuildStatus:
         正在创建“Release\双人贪吃蛇.unsuccessfulbuild”，因为已指定“AlwaysCreate”。
       ClCompile:
         D:\Visual Stadio 2010\VC\bin\CL.exe /c /Zi /nologo /W3 /WX- /O2 /Oi /Oy- /GL /D WIN32 /D NDEBUG /D _CONSOLE /D _UNICODE /D UNICODE /Gm- /EHsc /MD /GS /Gy /fp:precise /Zc:wchar_t /Zc:forScope /Fo"Release\\" /Fd"Release\vc100.pdb" /Gd /TP /analyze- /errorReport:prompt "双人贪吃蛇.cpp"
         双人贪吃蛇.cpp
     1>双人贪吃蛇.cpp(171): warning C4996: 'kbhit': The POSIX name for this item is deprecated. Instead, use the ISO C++ conformant name: _kbhit. See online help for details.
                 D:\Visual Stadio 2010\VC\include\conio.h(130) : 参见“kbhit”的声明
     1>双人贪吃蛇.cpp(171): warning C4996: 'getch': The POSIX name for this item is deprecated. Instead, use the ISO C++ conformant name: _getch. See online help for details.
                 D:\Visual Stadio 2010\VC\include\conio.h(128) : 参见“getch”的声明
     1>双人贪吃蛇.cpp(172): warning C4244: “参数”: 从“time_t”转换到“unsigned int”，可能丢失数据
     1>双人贪吃蛇.cpp(179): warning C4996: 'getch': The POSIX name for this item is deprecated. Instead, use the ISO C++ conformant name: _getch. See online help for details.
                 D:\Visual Stadio 2010\VC\include\conio.h(128) : 参见“getch”的声明
     1>双人贪吃蛇.cpp(180): warning C4996: 'getch': The POSIX name for this item is deprecated. Instead, use the ISO C++ conformant name: _getch. See online help for details.
                 D:\Visual Stadio 2010\VC\include\conio.h(128) : 参见“getch”的声明
     1>双人贪吃蛇.cpp(241): warning C4996: 'kbhit': The POSIX name for this item is deprecated. Instead, use the ISO C++ conformant name: _kbhit. See online help for details.
                 D:\Visual Stadio 2010\VC\include\conio.h(130) : 参见“kbhit”的声明
     1>双人贪吃蛇.cpp(279): warning C4996: 'getch': The POSIX name for this item is deprecated. Instead, use the ISO C++ conformant name: _getch. See online help for details.
                 D:\Visual Stadio 2010\VC\include\conio.h(128) : 参见“getch”的声明
     1>双人贪吃蛇.cpp(280): warning C4996: 'getch': The POSIX name for this item is deprecated. Instead, use the ISO C++ conformant name: _getch. See online help for details.
                 D:\Visual Stadio 2010\VC\include\conio.h(128) : 参见“getch”的声明
     1>双人贪吃蛇.cpp(293): warning C4996: 'kbhit': The POSIX name for this item is deprecated. Instead, use the ISO C++ conformant name: _kbhit. See online help for details.
                 D:\Visual Stadio 2010\VC\include\conio.h(130) : 参见“kbhit”的声明
     1>双人贪吃蛇.cpp(295): warning C4996: 'getch': The POSIX name for this item is deprecated. Instead, use the ISO C++ conformant name: _getch. See online help for details.
                 D:\Visual Stadio 2010\VC\include\conio.h(128) : 参见“getch”的声明
     1>双人贪吃蛇.cpp(296): warning C4996: 'getch': The POSIX name for this item is deprecated. Instead, use the ISO C++ conformant name: _getch. See online help for details.
                 D:\Visual Stadio 2010\VC\include\conio.h(128) : 参见“getch”的声明
     1>双人贪吃蛇.cpp(371): warning C4996: 'getch': The POSIX name for this item is deprecated. Instead, use the ISO C++ conformant name: _getch. See online help for details.
                 D:\Visual Stadio 2010\VC\include\conio.h(128) : 参见“getch”的声明
       Link:
         D:\Visual Stadio 2010\VC\bin\link.exe /ERRORREPORT:PROMPT /OUT:"H:\WCJ\C++projiects\双人贪吃蛇\Release\双人贪吃蛇.exe" /INCREMENTAL:NO /NOLOGO kernel32.lib user32.lib gdi32.lib winspool.lib comdlg32.lib advapi32.lib shell32.lib ole32.lib oleaut32.lib uuid.lib odbc32.lib odbccp32.lib /MANIFEST /ManifestFile:"Release\双人贪吃蛇.exe.intermediate.manifest" /MANIFESTUAC:"level='asInvoker' uiAccess='false'" /DEBUG /PDB:"H:\WCJ\C++projiects\双人贪吃蛇\Release\双人贪吃蛇.pdb" /SUBSYSTEM:CONSOLE /OPT:REF /OPT:ICF /LTCG /TLBID:1 /DYNAMICBASE /NXCOMPAT /IMPLIB:"H:\WCJ\C++projiects\双人贪吃蛇\Release\双人贪吃蛇.lib" /MACHINE:X86 "Release\双人贪吃蛇.obj"
         正在生成代码
         已完成代码的生成
         双人贪吃蛇.vcxproj -> H:\WCJ\C++projiects\双人贪吃蛇\Release\双人贪吃蛇.exe
       Manifest:
         C:\Program Files\Microsoft SDKs\Windows\v7.0A\bin\mt.exe /nologo /verbose /outputresource:"H:\WCJ\C++projiects\双人贪吃蛇\Release\双人贪吃蛇.exe;#1" /manifest "Release\双人贪吃蛇.exe.intermediate.manifest"
       FinalizeBuildStatus:
         正在删除文件“Release\双人贪吃蛇.unsuccessfulbuild”。
         正在对“Release\双人贪吃蛇.lastbuildstate”执行 Touch 任务。
     1>已完成生成项目“H:\WCJ\C++projiects\双人贪吃蛇\双人贪吃蛇\双人贪吃蛇.vcxproj”(build 个目标)的操作。

生成成功。

已用时间 00:00:01.16
