生成启动时间为 2013/3/31 星期日 13:50:53。
     1>项目“H:\WCJ\C++projiects\ULock\define\define.vcxproj”在节点 2 上(build 个目标)。
     1>InitializeBuildStatus:
         正在创建“Release\ULock.unsuccessfulbuild”，因为已指定“AlwaysCreate”。
       ClCompile:
         所有输出均为最新。
       ResourceCompile:
         C:\Program Files (x86)\Microsoft SDKs\Windows\v7.0A\bin\rc.exe /D _UNICODE /D UNICODE /l"0x0409" /nologo /fo"Release\define.res" define.rc 
       Link:
         D:\Visual Stadio 2010\VC\bin\link.exe /ERRORREPORT:PROMPT /OUT:"H:\WCJ\C++projiects\ULock\Release\ULock.exe" /INCREMENTAL:NO /NOLOGO kernel32.lib user32.lib gdi32.lib winspool.lib comdlg32.lib advapi32.lib shell32.lib ole32.lib oleaut32.lib uuid.lib odbc32.lib odbccp32.lib /MANIFEST /ManifestFile:"Release\ULock.exe.intermediate.manifest" /MANIFESTUAC:"level='asInvoker' uiAccess='false'" /DEBUG /PDB:"H:\WCJ\C++projiects\ULock\Release\ULock.pdb" /SUBSYSTEM:WINDOWS /OPT:REF /OPT:ICF /LTCG /TLBID:1 /DYNAMICBASE /NXCOMPAT /IMPLIB:"H:\WCJ\C++projiects\ULock\Release\ULock.lib" /MACHINE:X86 Release\define.res
         Release\main.obj
         Release\newcfree.obj
         正在生成代码
         已完成代码的生成
         define.vcxproj -> H:\WCJ\C++projiects\ULock\Release\ULock.exe
       Manifest:
         C:\Program Files (x86)\Microsoft SDKs\Windows\v7.0A\bin\mt.exe /nologo /verbose /outputresource:"H:\WCJ\C++projiects\ULock\Release\ULock.exe;#1" /manifest Release\ULock.exe.intermediate.manifest
       FinalizeBuildStatus:
         正在删除文件“Release\ULock.unsuccessfulbuild”。
         正在对“Release\ULock.lastbuildstate”执行 Touch 任务。
     1>已完成生成项目“H:\WCJ\C++projiects\ULock\define\define.vcxproj”(build 个目标)的操作。

生成成功。

已用时间 00:00:01.46
